<?xml version="1.0" encoding="UTF-8"?>
<testsuite xmlns:xsi="http://www.w3.org/2001/XMLSchema-instance" xsi:noNamespaceSchemaLocation="https://maven.apache.org/surefire/maven-surefire-plugin/xsd/surefire-test-report.xsd" name="br.uece.me.PrimoTest" time="0.544" tests="101" errors="0" skipped="0" failures="3">
  <properties>
    <property name="sun.desktop" value="windows"/>
    <property name="awt.toolkit" value="sun.awt.windows.WToolkit"/>
    <property name="java.specification.version" value="12"/>
    <property name="sun.cpu.isalist" value="amd64"/>
    <property name="sun.jnu.encoding" value="Cp1252"/>
    <property name="java.class.path" value="C:\projetos\java\PrimosTest\target\test-classes;C:\projetos\java\PrimosTest\target\classes;C:\Users\marco\.m2\repository\org\springframework\boot\spring-boot-starter-test\2.4.4\spring-boot-starter-test-2.4.4.jar;C:\Users\marco\.m2\repository\org\springframework\boot\spring-boot-starter\2.4.4\spring-boot-starter-2.4.4.jar;C:\Users\marco\.m2\repository\org\springframework\boot\spring-boot\2.4.4\spring-boot-2.4.4.jar;C:\Users\marco\.m2\repository\org\springframework\spring-context\5.3.5\spring-context-5.3.5.jar;C:\Users\marco\.m2\repository\org\springframework\spring-aop\5.3.5\spring-aop-5.3.5.jar;C:\Users\marco\.m2\repository\org\springframework\spring-beans\5.3.5\spring-beans-5.3.5.jar;C:\Users\marco\.m2\repository\org\springframework\spring-expression\5.3.5\spring-expression-5.3.5.jar;C:\Users\marco\.m2\repository\org\springframework\boot\spring-boot-autoconfigure\2.4.4\spring-boot-autoconfigure-2.4.4.jar;C:\Users\marco\.m2\repository\org\springframework\boot\spring-boot-starter-logging\2.4.4\spring-boot-starter-logging-2.4.4.jar;C:\Users\marco\.m2\repository\ch\qos\logback\logback-classic\1.2.3\logback-classic-1.2.3.jar;C:\Users\marco\.m2\repository\ch\qos\logback\logback-core\1.2.3\logback-core-1.2.3.jar;C:\Users\marco\.m2\repository\org\apache\logging\log4j\log4j-to-slf4j\2.13.3\log4j-to-slf4j-2.13.3.jar;C:\Users\marco\.m2\repository\org\apache\logging\log4j\log4j-api\2.13.3\log4j-api-2.13.3.jar;C:\Users\marco\.m2\repository\org\slf4j\jul-to-slf4j\1.7.30\jul-to-slf4j-1.7.30.jar;C:\Users\marco\.m2\repository\jakarta\annotation\jakarta.annotation-api\1.3.5\jakarta.annotation-api-1.3.5.jar;C:\Users\marco\.m2\repository\org\yaml\snakeyaml\1.27\snakeyaml-1.27.jar;C:\Users\marco\.m2\repository\org\springframework\boot\spring-boot-test\2.4.4\spring-boot-test-2.4.4.jar;C:\Users\marco\.m2\repository\org\springframework\boot\spring-boot-test-autoconfigure\2.4.4\spring-boot-test-autoconfigure-2.4.4.jar;C:\Users\marco\.m2\repository\com\jayway\jsonpath\json-path\2.4.0\json-path-2.4.0.jar;C:\Users\marco\.m2\repository\net\minidev\json-smart\2.3\json-smart-2.3.jar;C:\Users\marco\.m2\repository\net\minidev\accessors-smart\1.2\accessors-smart-1.2.jar;C:\Users\marco\.m2\repository\org\ow2\asm\asm\5.0.4\asm-5.0.4.jar;C:\Users\marco\.m2\repository\org\slf4j\slf4j-api\1.7.30\slf4j-api-1.7.30.jar;C:\Users\marco\.m2\repository\jakarta\xml\bind\jakarta.xml.bind-api\2.3.3\jakarta.xml.bind-api-2.3.3.jar;C:\Users\marco\.m2\repository\jakarta\activation\jakarta.activation-api\1.2.2\jakarta.activation-api-1.2.2.jar;C:\Users\marco\.m2\repository\org\assertj\assertj-core\3.18.1\assertj-core-3.18.1.jar;C:\Users\marco\.m2\repository\org\hamcrest\hamcrest\2.2\hamcrest-2.2.jar;C:\Users\marco\.m2\repository\org\junit\jupiter\junit-jupiter\5.7.1\junit-jupiter-5.7.1.jar;C:\Users\marco\.m2\repository\org\junit\jupiter\junit-jupiter-api\5.7.1\junit-jupiter-api-5.7.1.jar;C:\Users\marco\.m2\repository\org\apiguardian\apiguardian-api\1.1.0\apiguardian-api-1.1.0.jar;C:\Users\marco\.m2\repository\org\opentest4j\opentest4j\1.2.0\opentest4j-1.2.0.jar;C:\Users\marco\.m2\repository\org\junit\platform\junit-platform-commons\1.7.1\junit-platform-commons-1.7.1.jar;C:\Users\marco\.m2\repository\org\junit\jupiter\junit-jupiter-params\5.7.1\junit-jupiter-params-5.7.1.jar;C:\Users\marco\.m2\repository\org\junit\jupiter\junit-jupiter-engine\5.7.1\junit-jupiter-engine-5.7.1.jar;C:\Users\marco\.m2\repository\org\junit\platform\junit-platform-engine\1.7.1\junit-platform-engine-1.7.1.jar;C:\Users\marco\.m2\repository\org\mockito\mockito-core\3.6.28\mockito-core-3.6.28.jar;C:\Users\marco\.m2\repository\net\bytebuddy\byte-buddy\1.10.22\byte-buddy-1.10.22.jar;C:\Users\marco\.m2\repository\net\bytebuddy\byte-buddy-agent\1.10.22\byte-buddy-agent-1.10.22.jar;C:\Users\marco\.m2\repository\org\objenesis\objenesis\3.1\objenesis-3.1.jar;C:\Users\marco\.m2\repository\org\mockito\mockito-junit-jupiter\3.6.28\mockito-junit-jupiter-3.6.28.jar;C:\Users\marco\.m2\repository\org\skyscreamer\jsonassert\1.5.0\jsonassert-1.5.0.jar;C:\Users\marco\.m2\repository\com\vaadin\external\google\android-json\0.0.20131108.vaadin1\android-json-0.0.20131108.vaadin1.jar;C:\Users\marco\.m2\repository\org\springframework\spring-core\5.3.5\spring-core-5.3.5.jar;C:\Users\marco\.m2\repository\org\springframework\spring-jcl\5.3.5\spring-jcl-5.3.5.jar;C:\Users\marco\.m2\repository\org\springframework\spring-test\5.3.5\spring-test-5.3.5.jar;C:\Users\marco\.m2\repository\org\xmlunit\xmlunit-core\2.7.0\xmlunit-core-2.7.0.jar;"/>
    <property name="java.vm.vendor" value="Oracle Corporation"/>
    <property name="sun.arch.data.model" value="64"/>
    <property name="user.variant" value=""/>
    <property name="java.vendor.url" value="https://java.oracle.com/"/>
    <property name="user.timezone" value="America/Fortaleza"/>
    <property name="os.name" value="Windows 10"/>
    <property name="java.vm.specification.version" value="12"/>
    <property name="sun.java.launcher" value="SUN_STANDARD"/>
    <property name="user.country" value="BR"/>
    <property name="sun.boot.library.path" value="C:\Program Files\Java\jdk-12.0.2\bin"/>
    <property name="sun.java.command" value="C:\Users\marco\AppData\Local\Temp\surefire17305675356231028149\surefirebooter6941573628571780902.jar C:\Users\marco\AppData\Local\Temp\surefire17305675356231028149 2021-04-08T21-13-35_988-jvmRun1 surefire9855958395839251578tmp surefire_06761575539573767655tmp"/>
    <property name="jdk.debug" value="release"/>
    <property name="surefire.test.class.path" value="C:\projetos\java\PrimosTest\target\test-classes;C:\projetos\java\PrimosTest\target\classes;C:\Users\marco\.m2\repository\org\springframework\boot\spring-boot-starter-test\2.4.4\spring-boot-starter-test-2.4.4.jar;C:\Users\marco\.m2\repository\org\springframework\boot\spring-boot-starter\2.4.4\spring-boot-starter-2.4.4.jar;C:\Users\marco\.m2\repository\org\springframework\boot\spring-boot\2.4.4\spring-boot-2.4.4.jar;C:\Users\marco\.m2\repository\org\springframework\spring-context\5.3.5\spring-context-5.3.5.jar;C:\Users\marco\.m2\repository\org\springframework\spring-aop\5.3.5\spring-aop-5.3.5.jar;C:\Users\marco\.m2\repository\org\springframework\spring-beans\5.3.5\spring-beans-5.3.5.jar;C:\Users\marco\.m2\repository\org\springframework\spring-expression\5.3.5\spring-expression-5.3.5.jar;C:\Users\marco\.m2\repository\org\springframework\boot\spring-boot-autoconfigure\2.4.4\spring-boot-autoconfigure-2.4.4.jar;C:\Users\marco\.m2\repository\org\springframework\boot\spring-boot-starter-logging\2.4.4\spring-boot-starter-logging-2.4.4.jar;C:\Users\marco\.m2\repository\ch\qos\logback\logback-classic\1.2.3\logback-classic-1.2.3.jar;C:\Users\marco\.m2\repository\ch\qos\logback\logback-core\1.2.3\logback-core-1.2.3.jar;C:\Users\marco\.m2\repository\org\apache\logging\log4j\log4j-to-slf4j\2.13.3\log4j-to-slf4j-2.13.3.jar;C:\Users\marco\.m2\repository\org\apache\logging\log4j\log4j-api\2.13.3\log4j-api-2.13.3.jar;C:\Users\marco\.m2\repository\org\slf4j\jul-to-slf4j\1.7.30\jul-to-slf4j-1.7.30.jar;C:\Users\marco\.m2\repository\jakarta\annotation\jakarta.annotation-api\1.3.5\jakarta.annotation-api-1.3.5.jar;C:\Users\marco\.m2\repository\org\yaml\snakeyaml\1.27\snakeyaml-1.27.jar;C:\Users\marco\.m2\repository\org\springframework\boot\spring-boot-test\2.4.4\spring-boot-test-2.4.4.jar;C:\Users\marco\.m2\repository\org\springframework\boot\spring-boot-test-autoconfigure\2.4.4\spring-boot-test-autoconfigure-2.4.4.jar;C:\Users\marco\.m2\repository\com\jayway\jsonpath\json-path\2.4.0\json-path-2.4.0.jar;C:\Users\marco\.m2\repository\net\minidev\json-smart\2.3\json-smart-2.3.jar;C:\Users\marco\.m2\repository\net\minidev\accessors-smart\1.2\accessors-smart-1.2.jar;C:\Users\marco\.m2\repository\org\ow2\asm\asm\5.0.4\asm-5.0.4.jar;C:\Users\marco\.m2\repository\org\slf4j\slf4j-api\1.7.30\slf4j-api-1.7.30.jar;C:\Users\marco\.m2\repository\jakarta\xml\bind\jakarta.xml.bind-api\2.3.3\jakarta.xml.bind-api-2.3.3.jar;C:\Users\marco\.m2\repository\jakarta\activation\jakarta.activation-api\1.2.2\jakarta.activation-api-1.2.2.jar;C:\Users\marco\.m2\repository\org\assertj\assertj-core\3.18.1\assertj-core-3.18.1.jar;C:\Users\marco\.m2\repository\org\hamcrest\hamcrest\2.2\hamcrest-2.2.jar;C:\Users\marco\.m2\repository\org\junit\jupiter\junit-jupiter\5.7.1\junit-jupiter-5.7.1.jar;C:\Users\marco\.m2\repository\org\junit\jupiter\junit-jupiter-api\5.7.1\junit-jupiter-api-5.7.1.jar;C:\Users\marco\.m2\repository\org\apiguardian\apiguardian-api\1.1.0\apiguardian-api-1.1.0.jar;C:\Users\marco\.m2\repository\org\opentest4j\opentest4j\1.2.0\opentest4j-1.2.0.jar;C:\Users\marco\.m2\repository\org\junit\platform\junit-platform-commons\1.7.1\junit-platform-commons-1.7.1.jar;C:\Users\marco\.m2\repository\org\junit\jupiter\junit-jupiter-params\5.7.1\junit-jupiter-params-5.7.1.jar;C:\Users\marco\.m2\repository\org\junit\jupiter\junit-jupiter-engine\5.7.1\junit-jupiter-engine-5.7.1.jar;C:\Users\marco\.m2\repository\org\junit\platform\junit-platform-engine\1.7.1\junit-platform-engine-1.7.1.jar;C:\Users\marco\.m2\repository\org\mockito\mockito-core\3.6.28\mockito-core-3.6.28.jar;C:\Users\marco\.m2\repository\net\bytebuddy\byte-buddy\1.10.22\byte-buddy-1.10.22.jar;C:\Users\marco\.m2\repository\net\bytebuddy\byte-buddy-agent\1.10.22\byte-buddy-agent-1.10.22.jar;C:\Users\marco\.m2\repository\org\objenesis\objenesis\3.1\objenesis-3.1.jar;C:\Users\marco\.m2\repository\org\mockito\mockito-junit-jupiter\3.6.28\mockito-junit-jupiter-3.6.28.jar;C:\Users\marco\.m2\repository\org\skyscreamer\jsonassert\1.5.0\jsonassert-1.5.0.jar;C:\Users\marco\.m2\repository\com\vaadin\external\google\android-json\0.0.20131108.vaadin1\android-json-0.0.20131108.vaadin1.jar;C:\Users\marco\.m2\repository\org\springframework\spring-core\5.3.5\spring-core-5.3.5.jar;C:\Users\marco\.m2\repository\org\springframework\spring-jcl\5.3.5\spring-jcl-5.3.5.jar;C:\Users\marco\.m2\repository\org\springframework\spring-test\5.3.5\spring-test-5.3.5.jar;C:\Users\marco\.m2\repository\org\xmlunit\xmlunit-core\2.7.0\xmlunit-core-2.7.0.jar;"/>
    <property name="sun.cpu.endian" value="little"/>
    <property name="user.home" value="C:\Users\marco"/>
    <property name="user.language" value="pt"/>
    <property name="java.specification.vendor" value="Oracle Corporation"/>
    <property name="java.version.date" value="2019-07-16"/>
    <property name="java.home" value="C:\Program Files\Java\jdk-12.0.2"/>
    <property name="file.separator" value="\"/>
    <property name="style.color" value="always"/>
    <property name="basedir" value="C:\projetos\java\PrimosTest"/>
    <property name="java.vm.compressedOopsMode" value="32-bit"/>
    <property name="line.separator" value="&#10;"/>
    <property name="java.vm.specification.vendor" value="Oracle Corporation"/>
    <property name="java.specification.name" value="Java Platform API Specification"/>
    <property name="java.awt.graphicsenv" value="sun.awt.Win32GraphicsEnvironment"/>
    <property name="surefire.real.class.path" value="C:\Users\marco\AppData\Local\Temp\surefire17305675356231028149\surefirebooter6941573628571780902.jar"/>
    <property name="user.script" value=""/>
    <property name="sun.management.compiler" value="HotSpot 64-Bit Tiered Compilers"/>
    <property name="java.runtime.version" value="12.0.2+10"/>
    <property name="user.name" value="marco"/>
    <property name="path.separator" value=";"/>
    <property name="os.version" value="10.0"/>
    <property name="java.runtime.name" value="Java(TM) SE Runtime Environment"/>
    <property name="file.encoding" value="Cp1252"/>
    <property name="java.vm.name" value="Java HotSpot(TM) 64-Bit Server VM"/>
    <property name="localRepository" value="C:\Users\marco\.m2\repository"/>
    <property name="java.vendor.url.bug" value="https://bugreport.java.com/bugreport/"/>
    <property name="java.io.tmpdir" value="C:\Users\marco\AppData\Local\Temp\"/>
    <property name="java.version" value="12.0.2"/>
    <property name="user.dir" value="C:\projetos\java\PrimosTest"/>
    <property name="os.arch" value="amd64"/>
    <property name="java.vm.specification.name" value="Java Virtual Machine Specification"/>
    <property name="sun.os.patch.level" value=""/>
    <property name="java.library.path" value="C:\Program Files\Java\jdk-12.0.2\bin;C:\Windows\Sun\Java\bin;C:\Windows\system32;C:\Windows;C:/ide/sts-4.8.1.RELEASE//plugins/org.eclipse.justj.openjdk.hotspot.jre.full.win32.x86_64_15.0.0.v20201014-1246/jre/bin/server;C:/ide/sts-4.8.1.RELEASE//plugins/org.eclipse.justj.openjdk.hotspot.jre.full.win32.x86_64_15.0.0.v20201014-1246/jre/bin;C:\Program Files\Java\jdk-13.0.2\bin;C:\Program Files (x86)\Common Files\Oracle\Java\javapath;C:\Windows\system32;C:\Windows;C:\Windows\System32\Wbem;C:\Windows\System32\WindowsPowerShell\v1.0\;C:\Windows\System32\OpenSSH\;C:\Program Files\Git\cmd;C:\Program Files (x86)\Yarn\bin\;C:\Program Files\PuTTY\;C:\Program Files\nodejs\;C:\servers\apache-artemis-2.12.0\bin;C:\Program Files\TortoiseGit\bin;C:\Program Files\Docker\Docker\resources\bin;C:\ProgramData\DockerDesktop\version-bin;C:\Users\marco\scoop\apps\maven\current\bin;C:\Users\marco\scoop\shims;C:\Users\marco\AppData\Local\Microsoft\WindowsApps;C:\Users\marco\AppData\Local\Programs\Microsoft VS Code\bin;C:\Users\marco\AppData\Local\Yarn\bin;C:\Users\marco\AppData\Roaming\npm;C:\Program Files\JetBrains\IntelliJ IDEA 2019.3.4\bin;;C:\Program Files\Docker Toolbox;C:\ide\sts-4.8.1.RELEASE;;."/>
    <property name="java.vm.info" value="mixed mode, sharing"/>
    <property name="java.vendor" value="Oracle Corporation"/>
    <property name="java.vm.version" value="12.0.2+10"/>
    <property name="sun.io.unicode.encoding" value="UnicodeLittle"/>
    <property name="java.class.version" value="56.0"/>
  </properties>
  <testcase name="isPrimoTest[1]" classname="br.uece.me.PrimoTest" time="0.06"/>
  <testcase name="isPrimoTest[2]" classname="br.uece.me.PrimoTest" time="0.001"/>
  <testcase name="isPrimoTest[3]" classname="br.uece.me.PrimoTest" time="0.004"/>
  <testcase name="isPrimoTest[4]" classname="br.uece.me.PrimoTest" time="0.002"/>
  <testcase name="isPrimoTest[5]" classname="br.uece.me.PrimoTest" time="0.001"/>
  <testcase name="isPrimoTest[6]" classname="br.uece.me.PrimoTest" time="0.001"/>
  <testcase name="isPrimoTest[7]" classname="br.uece.me.PrimoTest" time="0.021">
    <failure message="1 nao é primo ==&gt; expected: &lt;true&gt; but was: &lt;false&gt;" type="org.opentest4j.AssertionFailedError"><![CDATA[org.opentest4j.AssertionFailedError: 1 nao é primo ==> expected: <true> but was: <false>
	at br.uece.me.PrimoTest.isPrimoTest(PrimoTest.java:30)
]]></failure>
  </testcase>
  <testcase name="isPrimoTest[8]" classname="br.uece.me.PrimoTest" time="0.002"/>
  <testcase name="isPrimoTest[9]" classname="br.uece.me.PrimoTest" time="0.001"/>
  <testcase name="isPrimoTest[10]" classname="br.uece.me.PrimoTest" time="0.002"/>
  <testcase name="isPrimoTest[11]" classname="br.uece.me.PrimoTest" time="0.001"/>
  <testcase name="isPrimoTest[12]" classname="br.uece.me.PrimoTest" time="0.001"/>
  <testcase name="isPrimoTest[13]" classname="br.uece.me.PrimoTest" time="0.001"/>
  <testcase name="isPrimoTest[14]" classname="br.uece.me.PrimoTest" time="0.001"/>
  <testcase name="isPrimoTest[15]" classname="br.uece.me.PrimoTest" time="0.001"/>
  <testcase name="isPrimoTest[16]" classname="br.uece.me.PrimoTest" time="0.002"/>
  <testcase name="isPrimoTest[17]" classname="br.uece.me.PrimoTest" time="0.002"/>
  <testcase name="isPrimoTest[18]" classname="br.uece.me.PrimoTest" time="0"/>
  <testcase name="isPrimoTest[19]" classname="br.uece.me.PrimoTest" time="0.002"/>
  <testcase name="isPrimoTest[20]" classname="br.uece.me.PrimoTest" time="0.004"/>
  <testcase name="isPrimoTest[21]" classname="br.uece.me.PrimoTest" time="0.001"/>
  <testcase name="isPrimoTest[22]" classname="br.uece.me.PrimoTest" time="0"/>
  <testcase name="isPrimoTest[23]" classname="br.uece.me.PrimoTest" time="0"/>
  <testcase name="isPrimoTest[24]" classname="br.uece.me.PrimoTest" time="0"/>
  <testcase name="isPrimoTest[25]" classname="br.uece.me.PrimoTest" time="0.001"/>
  <testcase name="isPrimoTest[26]" classname="br.uece.me.PrimoTest" time="0.002"/>
  <testcase name="isPrimoTest[27]" classname="br.uece.me.PrimoTest" time="0.002"/>
  <testcase name="isPrimoTest[28]" classname="br.uece.me.PrimoTest" time="0.001"/>
  <testcase name="isPrimoTest[29]" classname="br.uece.me.PrimoTest" time="0.002"/>
  <testcase name="isPrimoTest[30]" classname="br.uece.me.PrimoTest" time="0.002"/>
  <testcase name="isPrimoTest[31]" classname="br.uece.me.PrimoTest" time="0.001"/>
  <testcase name="isPrimoTest[32]" classname="br.uece.me.PrimoTest" time="0.002"/>
  <testcase name="isPrimoTest[33]" classname="br.uece.me.PrimoTest" time="0.001"/>
  <testcase name="isPrimoTest[34]" classname="br.uece.me.PrimoTest" time="0.001"/>
  <testcase name="isPrimoTest[35]" classname="br.uece.me.PrimoTest" time="0.003"/>
  <testcase name="isPrimoTest[36]" classname="br.uece.me.PrimoTest" time="0.013"/>
  <testcase name="isPrimoTest[37]" classname="br.uece.me.PrimoTest" time="0"/>
  <testcase name="isPrimoTest[38]" classname="br.uece.me.PrimoTest" time="0.001"/>
  <testcase name="isPrimoTest[39]" classname="br.uece.me.PrimoTest" time="0.001"/>
  <testcase name="isPrimoTest[40]" classname="br.uece.me.PrimoTest" time="0.003"/>
  <testcase name="isPrimoTest[41]" classname="br.uece.me.PrimoTest" time="0.002"/>
  <testcase name="isPrimoTest[42]" classname="br.uece.me.PrimoTest" time="0.001"/>
  <testcase name="isPrimoTest[43]" classname="br.uece.me.PrimoTest" time="0"/>
  <testcase name="isPrimoTest[44]" classname="br.uece.me.PrimoTest" time="0.001"/>
  <testcase name="isPrimoTest[45]" classname="br.uece.me.PrimoTest" time="0.001"/>
  <testcase name="isPrimoTest[46]" classname="br.uece.me.PrimoTest" time="0.002"/>
  <testcase name="isPrimoTest[47]" classname="br.uece.me.PrimoTest" time="0.001"/>
  <testcase name="isPrimoTest[48]" classname="br.uece.me.PrimoTest" time="0.001"/>
  <testcase name="isPrimoTest[49]" classname="br.uece.me.PrimoTest" time="0.003"/>
  <testcase name="isPrimoTest[50]" classname="br.uece.me.PrimoTest" time="0"/>
  <testcase name="isPrimoTest[51]" classname="br.uece.me.PrimoTest" time="0.008"/>
  <testcase name="isPrimoTest[52]" classname="br.uece.me.PrimoTest" time="0.001"/>
  <testcase name="isPrimoTest[53]" classname="br.uece.me.PrimoTest" time="0.001"/>
  <testcase name="isPrimoTest[54]" classname="br.uece.me.PrimoTest" time="0.002"/>
  <testcase name="isPrimoTest[55]" classname="br.uece.me.PrimoTest" time="0.001"/>
  <testcase name="isPrimoTest[56]" classname="br.uece.me.PrimoTest" time="0"/>
  <testcase name="isPrimoTest[57]" classname="br.uece.me.PrimoTest" time="0.001"/>
  <testcase name="isPrimoTest[58]" classname="br.uece.me.PrimoTest" time="0.001"/>
  <testcase name="isPrimoTest[59]" classname="br.uece.me.PrimoTest" time="0.001"/>
  <testcase name="isPrimoTest[60]" classname="br.uece.me.PrimoTest" time="0"/>
  <testcase name="isPrimoTest[61]" classname="br.uece.me.PrimoTest" time="0"/>
  <testcase name="isPrimoTest[62]" classname="br.uece.me.PrimoTest" time="0.001"/>
  <testcase name="isPrimoTest[63]" classname="br.uece.me.PrimoTest" time="0"/>
  <testcase name="isPrimoTest[64]" classname="br.uece.me.PrimoTest" time="0.006"/>
  <testcase name="isPrimoTest[65]" classname="br.uece.me.PrimoTest" time="0"/>
  <testcase name="isPrimoTest[66]" classname="br.uece.me.PrimoTest" time="0.021">
    <failure message="0 nao é primo ==&gt; expected: &lt;true&gt; but was: &lt;false&gt;" type="org.opentest4j.AssertionFailedError"><![CDATA[org.opentest4j.AssertionFailedError: 0 nao é primo ==> expected: <true> but was: <false>
	at br.uece.me.PrimoTest.isPrimoTest(PrimoTest.java:30)
]]></failure>
  </testcase>
  <testcase name="isPrimoTest[67]" classname="br.uece.me.PrimoTest" time="0.001"/>
  <testcase name="isPrimoTest[68]" classname="br.uece.me.PrimoTest" time="0.001"/>
  <testcase name="isPrimoTest[69]" classname="br.uece.me.PrimoTest" time="0"/>
  <testcase name="isPrimoTest[70]" classname="br.uece.me.PrimoTest" time="0.001"/>
  <testcase name="isPrimoTest[71]" classname="br.uece.me.PrimoTest" time="0.001"/>
  <testcase name="isPrimoTest[72]" classname="br.uece.me.PrimoTest" time="0.004"/>
  <testcase name="isPrimoTest[73]" classname="br.uece.me.PrimoTest" time="0.001"/>
  <testcase name="isPrimoTest[74]" classname="br.uece.me.PrimoTest" time="0.001"/>
  <testcase name="isPrimoTest[75]" classname="br.uece.me.PrimoTest" time="0"/>
  <testcase name="isPrimoTest[76]" classname="br.uece.me.PrimoTest" time="0"/>
  <testcase name="isPrimoTest[77]" classname="br.uece.me.PrimoTest" time="0.002"/>
  <testcase name="isPrimoTest[78]" classname="br.uece.me.PrimoTest" time="0"/>
  <testcase name="isPrimoTest[79]" classname="br.uece.me.PrimoTest" time="0.001"/>
  <testcase name="isPrimoTest[80]" classname="br.uece.me.PrimoTest" time="0.001"/>
  <testcase name="isPrimoTest[81]" classname="br.uece.me.PrimoTest" time="0.001"/>
  <testcase name="isPrimoTest[82]" classname="br.uece.me.PrimoTest" time="0.002"/>
  <testcase name="isPrimoTest[83]" classname="br.uece.me.PrimoTest" time="0.001"/>
  <testcase name="isPrimoTest[84]" classname="br.uece.me.PrimoTest" time="0.001"/>
  <testcase name="isPrimoTest[85]" classname="br.uece.me.PrimoTest" time="0.001"/>
  <testcase name="isPrimoTest[86]" classname="br.uece.me.PrimoTest" time="0.001"/>
  <testcase name="isPrimoTest[87]" classname="br.uece.me.PrimoTest" time="0.026"/>
  <testcase name="isPrimoTest[88]" classname="br.uece.me.PrimoTest" time="0"/>
  <testcase name="isPrimoTest[89]" classname="br.uece.me.PrimoTest" time="0"/>
  <testcase name="isPrimoTest[90]" classname="br.uece.me.PrimoTest" time="0"/>
  <testcase name="isPrimoTest[91]" classname="br.uece.me.PrimoTest" time="0"/>
  <testcase name="isPrimoTest[92]" classname="br.uece.me.PrimoTest" time="0"/>
  <testcase name="isPrimoTest[93]" classname="br.uece.me.PrimoTest" time="0"/>
  <testcase name="isPrimoTest[94]" classname="br.uece.me.PrimoTest" time="0"/>
  <testcase name="isPrimoTest[95]" classname="br.uece.me.PrimoTest" time="0"/>
  <testcase name="isPrimoTest[96]" classname="br.uece.me.PrimoTest" time="0"/>
  <testcase name="isPrimoTest[97]" classname="br.uece.me.PrimoTest" time="0"/>
  <testcase name="isPrimoTest[98]" classname="br.uece.me.PrimoTest" time="0"/>
  <testcase name="isPrimoTest[99]" classname="br.uece.me.PrimoTest" time="0"/>
  <testcase name="isPrimoTest[100]" classname="br.uece.me.PrimoTest" time="0.001"/>
  <testcase name="isPrimoUmTest" classname="br.uece.me.PrimoTest" time="0.005">
    <failure message="1 nao é primo ==&gt; expected: &lt;true&gt; but was: &lt;false&gt;" type="org.opentest4j.AssertionFailedError"><![CDATA[org.opentest4j.AssertionFailedError: 1 nao é primo ==> expected: <true> but was: <false>
	at br.uece.me.PrimoTest.isPrimoUmTest(PrimoTest.java:21)
]]></failure>
  </testcase>
</testsuite>